<?xml version="1.0" encoding="UTF-8"?>
<testsuite name="LibraryTest" tests="1" skipped="0" failures="0" errors="0" timestamp="2016-11-17T23:46:25" hostname="MacBook-Pro-de-Carolina.local" time="0.004">
  <properties/>
  <testcase name="testSomeLibraryMethod" classname="LibraryTest" time="0.004"/>
  <system-out><![CDATA[]]></system-out>
  <system-err><![CDATA[]]></system-err>
</testsuite>
